<?xml version="1.0" encoding="UTF-8"?>
<!-- Generated by org.testng.reporters.JUnitReportReporter -->
<testsuite skipped="0" hostname="DESKTOP-O6USHPG" name="framework.testcases.HomePageTests" tests="1" failures="0" timestamp="15 Apr 2020 12:05:54 GMT" time="60.430" errors="0">
  <testcase name="testLogin" time="60.430" classname="framework.testcases.HomePageTests"/>
</testsuite> <!-- framework.testcases.HomePageTests -->
