<?xml version="1.0" encoding="UTF-8"?>
<!-- Generated by org.testng.reporters.JUnitReportReporter -->
<testsuite skipped="0" hostname="DESKTOP-O6USHPG" name="framework.testcases.HomePageTests" tests="1" failures="0" timestamp="15 Apr 2020 12:36:35 GMT" time="128.214" errors="0">
  <testcase name="testLogin" time="128.214" classname="framework.testcases.HomePageTests"/>
</testsuite> <!-- framework.testcases.HomePageTests -->
